# JRE version: Java(TM) SE Runtime Environment (8.0_231-b11) (build 1.8.0_231-b11)
# Java VM: Java HotSpot(TM) 64-Bit Server VM (25.231-b11 mixed mode windows-amd64 compressed oops)
Heap:
 PSYoungGen      total 115712K, used 17398K [0x00000000d5c00000, 0x00000000e1900000, 0x0000000100000000)
  eden space 105984K, 7% used [0x00000000d5c00000,0x00000000d6381d40,0x00000000dc380000)
  from space 9728K, 99% used [0x00000000dc380000,0x00000000dccfbda8,0x00000000dcd00000)
  to   space 14848K, 60% used [0x00000000e0a80000,0x00000000e1337218,0x00000000e1900000)
 ParOldGen       total 422400K, used 381365K [0x0000000081400000, 0x000000009b080000, 0x00000000d5c00000)
  object space 422400K, 90% used [0x0000000081400000,0x000000009886d7b8,0x000000009b080000)
 Metaspace       used 33929K, capacity 35410K, committed 35496K, reserved 1079296K
  class space    used 4479K, capacity 4804K, committed 4864K, reserved 1048576K
GC Heap History (10 events):
Event: 0.855 GC heap after
Heap after GC invocations=4 (full 0):
 PSYoungGen      total 71680K, used 5105K [0x00000000d5c00000, 0x00000000da700000, 0x0000000100000000)
  eden space 66560K, 0% used [0x00000000d5c00000,0x00000000d5c00000,0x00000000d9d00000)
  from space 5120K, 99% used [0x00000000da200000,0x00000000da6fc7f0,0x00000000da700000)
  to   space 5120K, 0% used [0x00000000d9d00000,0x00000000d9d00000,0x00000000da200000)
 ParOldGen       total 87552K, used 5148K [0x0000000081400000, 0x0000000086980000, 0x00000000d5c00000)
  object space 87552K, 5% used [0x0000000081400000,0x00000000819072f8,0x0000000086980000)
 Metaspace       used 20668K, capacity 21198K, committed 21296K, reserved 1067008K
  class space    used 2736K, capacity 2900K, committed 2944K, reserved 1048576K
}
Event: 0.855 GC heap before
{Heap before GC invocations=5 (full 1):
 PSYoungGen      total 71680K, used 5105K [0x00000000d5c00000, 0x00000000da700000, 0x0000000100000000)
  eden space 66560K, 0% used [0x00000000d5c00000,0x00000000d5c00000,0x00000000d9d00000)
  from space 5120K, 99% used [0x00000000da200000,0x00000000da6fc7f0,0x00000000da700000)
  to   space 5120K, 0% used [0x00000000d9d00000,0x00000000d9d00000,0x00000000da200000)
 ParOldGen       total 87552K, used 5148K [0x0000000081400000, 0x0000000086980000, 0x00000000d5c00000)
  object space 87552K, 5% used [0x0000000081400000,0x00000000819072f8,0x0000000086980000)
 Metaspace       used 20668K, capacity 21198K, committed 21296K, reserved 1067008K
  class space    used 2736K, capacity 2900K, committed 2944K, reserved 1048576K
Event: 0.882 GC heap after
Heap after GC invocations=5 (full 1):
 PSYoungGen      total 71680K, used 0K [0x00000000d5c00000, 0x00000000da700000, 0x0000000100000000)
  eden space 66560K, 0% used [0x00000000d5c00000,0x00000000d5c00000,0x00000000d9d00000)
  from space 5120K, 0% used [0x00000000da200000,0x00000000da200000,0x00000000da700000)
  to   space 5120K, 0% used [0x00000000d9d00000,0x00000000d9d00000,0x00000000da200000)
 ParOldGen       total 53760K, used 5333K [0x0000000081400000, 0x0000000084880000, 0x00000000d5c00000)
  object space 53760K, 9% used [0x0000000081400000,0x0000000081935518,0x0000000084880000)
 Metaspace       used 20668K, capacity 21198K, committed 21296K, reserved 1067008K
  class space    used 2736K, capacity 2900K, committed 2944K, reserved 1048576K
}
Event: 1.137 GC heap before
{Heap before GC invocations=6 (full 1):
 PSYoungGen      total 71680K, used 66560K [0x00000000d5c00000, 0x00000000da700000, 0x0000000100000000)
  eden space 66560K, 100% used [0x00000000d5c00000,0x00000000d9d00000,0x00000000d9d00000)
  from space 5120K, 0% used [0x00000000da200000,0x00000000da200000,0x00000000da700000)
  to   space 5120K, 0% used [0x00000000d9d00000,0x00000000d9d00000,0x00000000da200000)
 ParOldGen       total 53760K, used 5333K [0x0000000081400000, 0x0000000084880000, 0x00000000d5c00000)
  object space 53760K, 9% used [0x0000000081400000,0x0000000081935518,0x0000000084880000)
 Metaspace       used 22555K, capacity 23308K, committed 23424K, reserved 1069056K
  class space    used 3004K, capacity 3191K, committed 3200K, reserved 1048576K
Event: 1.141 GC heap after
Heap after GC invocations=6 (full 1):
 PSYoungGen      total 71680K, used 4877K [0x00000000d5c00000, 0x00000000dd680000, 0x0000000100000000)
  eden space 66560K, 0% used [0x00000000d5c00000,0x00000000d5c00000,0x00000000d9d00000)
  from space 5120K, 95% used [0x00000000d9d00000,0x00000000da1c34a0,0x00000000da200000)
  to   space 8704K, 0% used [0x00000000dce00000,0x00000000dce00000,0x00000000dd680000)
 ParOldGen       total 53760K, used 5405K [0x0000000081400000, 0x0000000084880000, 0x00000000d5c00000)
  object space 53760K, 10% used [0x0000000081400000,0x0000000081947528,0x0000000084880000)
 Metaspace       used 22555K, capacity 23308K, committed 23424K, reserved 1069056K
  class space    used 3004K, capacity 3191K, committed 3200K, reserved 1048576K
}
Event: 1.567 GC heap before
{Heap before GC invocations=7 (full 1):
 PSYoungGen      total 71680K, used 71437K [0x00000000d5c00000, 0x00000000dd680000, 0x0000000100000000)
  eden space 66560K, 100% used [0x00000000d5c00000,0x00000000d9d00000,0x00000000d9d00000)
  from space 5120K, 95% used [0x00000000d9d00000,0x00000000da1c34a0,0x00000000da200000)
  to   space 8704K, 0% used [0x00000000dce00000,0x00000000dce00000,0x00000000dd680000)
 ParOldGen       total 53760K, used 5405K [0x0000000081400000, 0x0000000084880000, 0x00000000d5c00000)
  object space 53760K, 10% used [0x0000000081400000,0x0000000081947528,0x0000000084880000)
 Metaspace       used 26048K, capacity 27160K, committed 27392K, reserved 1073152K
  class space    used 3539K, capacity 3785K, committed 3840K, reserved 1048576K
Event: 1.576 GC heap after
Heap after GC invocations=7 (full 1):
 PSYoungGen      total 114176K, used 8366K [0x00000000d5c00000, 0x00000000dd680000, 0x0000000100000000)
  eden space 105472K, 0% used [0x00000000d5c00000,0x00000000d5c00000,0x00000000dc300000)
  from space 8704K, 96% used [0x00000000dce00000,0x00000000dd62ba08,0x00000000dd680000)
  to   space 9728K, 0% used [0x00000000dc380000,0x00000000dc380000,0x00000000dcd00000)
 ParOldGen       total 53760K, used 5413K [0x0000000081400000, 0x0000000084880000, 0x00000000d5c00000)
  object space 53760K, 10% used [0x0000000081400000,0x0000000081949528,0x0000000084880000)
 Metaspace       used 26048K, capacity 27160K, committed 27392K, reserved 1073152K
  class space    used 3539K, capacity 3785K, committed 3840K, reserved 1048576K
}
Event: 2.151 GC heap before
{Heap before GC invocations=8 (full 1):
 PSYoungGen      total 114176K, used 113838K [0x00000000d5c00000, 0x00000000dd680000, 0x0000000100000000)
  eden space 105472K, 100% used [0x00000000d5c00000,0x00000000dc300000,0x00000000dc300000)
  from space 8704K, 96% used [0x00000000dce00000,0x00000000dd62ba08,0x00000000dd680000)
  to   space 9728K, 0% used [0x00000000dc380000,0x00000000dc380000,0x00000000dcd00000)
 ParOldGen       total 53760K, used 5413K [0x0000000081400000, 0x0000000084880000, 0x00000000d5c00000)
  object space 53760K, 10% used [0x0000000081400000,0x0000000081949528,0x0000000084880000)
 Metaspace       used 32953K, capacity 34406K, committed 34688K, reserved 1079296K
  class space    used 4371K, capacity 4642K, committed 4736K, reserved 1048576K
Event: 2.164 GC heap after
Heap after GC invocations=8 (full 1):
 PSYoungGen      total 115712K, used 9711K [0x00000000d5c00000, 0x00000000e1900000, 0x0000000100000000)
  eden space 105984K, 0% used [0x00000000d5c00000,0x00000000d5c00000,0x00000000dc380000)
  from space 9728K, 99% used [0x00000000dc380000,0x00000000dccfbda8,0x00000000dcd00000)
  to   space 14848K, 0% used [0x00000000e0a80000,0x00000000e0a80000,0x00000000e1900000)
 ParOldGen       total 53760K, used 13007K [0x0000000081400000, 0x0000000084880000, 0x00000000d5c00000)
  object space 53760K, 24% used [0x0000000081400000,0x00000000820b3c00,0x0000000084880000)
 Metaspace       used 32953K, capacity 34406K, committed 34688K, reserved 1079296K
  class space    used 4371K, capacity 4642K, committed 4736K, reserved 1048576K
}
Event: 2.297 GC heap before
{Heap before GC invocations=9 (full 1):
 PSYoungGen      total 115712K, used 17398K [0x00000000d5c00000, 0x00000000e1900000, 0x0000000100000000)
  eden space 105984K, 7% used [0x00000000d5c00000,0x00000000d6381d40,0x00000000dc380000)
  from space 9728K, 99% used [0x00000000dc380000,0x00000000dccfbda8,0x00000000dcd00000)
  to   space 14848K, 0% used [0x00000000e0a80000,0x00000000e0a80000,0x00000000e1900000)
 ParOldGen       total 53760K, used 13007K [0x0000000081400000, 0x0000000084880000, 0x00000000d5c00000)
  object space 53760K, 24% used [0x0000000081400000,0x00000000820b3c00,0x0000000084880000)
 Metaspace       used 33929K, capacity 35410K, committed 35496K, reserved 1079296K
  class space    used 4479K, capacity 4804K, committed 4864K, reserved 1048576K

